#
# A fatal error has been detected by the Java Runtime Environment:
#
#  EXCEPTION_ACCESS_VIOLATION (0xc0000005) at pc=0x00007ffd0caf81b2, pid=9832, tid=12408
#
# JRE version: Java(TM) SE Runtime Environment (17.0.4.1+1) (build 17.0.4.1+1-LTS-2)
# Java VM: Java HotSpot(TM) 64-Bit Server VM (17.0.4.1+1-LTS-2, mixed mode, sharing, tiered, compressed oops, compressed class ptrs, g1 gc, windows-amd64)
# Problematic frame:
# C  [d3d9.dll+0xc81b2]
#
# No core dump will be written. Minidumps are not enabled by default on client versions of Windows
#
# If you would like to submit a bug report, please visit:
#   https://bugreport.java.com/bugreport/crash.jsp
# The crash happened outside the Java Virtual Machine in native code.
# See problematic frame for where to report the bug.
#

---------------  S U M M A R Y ------------

Command Line: -Dfile.encoding=Cp1252 -XX:+ShowCodeDetailsInExceptionMessages PongAI

Host: Intel(R) Core(TM) i5-10300H CPU @ 2.50GHz, 8 cores, 7G,  Windows 10 , 64 bit Build 19041 (10.0.19041.2546)
Time: Wed Mar 29 23:27:11 2023 Eastern Daylight Time elapsed time: 38906.410588 seconds (0d 10h 48m 26s)

---------------  T H R E A D  ---------------

Current thread (0x0000028664ba74f0):  JavaThread "AWT-Windows" daemon [_thread_in_native, id=12408, stack(0x000000a2e8100000,0x000000a2e8200000)]

Stack: [0x000000a2e8100000,0x000000a2e8200000],  sp=0x000000a2e81ff2b0,  free space=1020k
Native frames: (J=compiled Java code, j=interpreted, Vv=VM code, C=native code)
C  [d3d9.dll+0xc81b2]

Java frames: (J=compiled Java code, j=interpreted, Vv=VM code)
j  sun.awt.windows.WToolkit.eventLoop()V+0 java.desktop@17.0.4.1
j  sun.awt.windows.WToolkit.run()V+50 java.desktop@17.0.4.1
j  java.lang.Thread.run()V+11 java.base@17.0.4.1
v  ~StubRoutines::call_stub

siginfo: EXCEPTION_ACCESS_VIOLATION (0xc0000005), reading address 0x0000000000000008


Register to memory mapping:

RIP=0x00007ffd0caf81b2 d3d9.dll
RAX=0x0 is NULL
RBX=0x00000286657a1f60 points into unknown readable memory: 0x0000000000000000 | 00 00 00 00 00 00 00 00
RCX=0x000000000000002c is an unknown value
RDX=0x0 is NULL
RSP=0x000000a2e81ff2b0 is pointing into the stack for thread: 0x0000028664ba74f0
RBP=0x00007ffcd9cda7e0 awt.dll
RSI=0x0 is NULL
RDI=0x00000286657a1f60 points into unknown readable memory: 0x0000000000000000 | 00 00 00 00 00 00 00 00
R8 =0x000002866537d1e0 points into unknown readable memory: 0x0000000000000000 | 00 00 00 00 00 00 00 00
R9 =0x0000000000000001 is an unknown value
R10=0x000002866586a168 points into unknown readable memory: 0x0000040000000000 | 00 00 00 00 00 04 00 00
R11=0x000000a2e81ff260 is pointing into the stack for thread: 0x0000028664ba74f0
R12=0x0 is NULL
R13={method} {0x00000286640cd778} 'eventLoop' '()V' in 'sun/awt/windows/WToolkit'
R14=0x000000a2e81ff6b8 is pointing into the stack for thread: 0x0000028664ba74f0
R15=0x0000028664ba74f0 is a thread


Registers:
RAX=0x0000000000000000, RBX=0x00000286657a1f60, RCX=0x000000000000002c, RDX=0x0000000000000000
RSP=0x000000a2e81ff2b0, RBP=0x00007ffcd9cda7e0, RSI=0x0000000000000000, RDI=0x00000286657a1f60
R8 =0x000002866537d1e0, R9 =0x0000000000000001, R10=0x000002866586a168, R11=0x000000a2e81ff260
R12=0x0000000000000000, R13=0x00000286640cd770, R14=0x000000a2e81ff6b8, R15=0x0000028664ba74f0
RIP=0x00007ffd0caf81b2, EFLAGS=0x0000000000010202

Top of Stack: (sp=0x000000a2e81ff2b0)
0x000000a2e81ff2b0:   0000000000000000 00007ffd0ca4041e
0x000000a2e81ff2c0:   000002866de9f030 00007ffd156c934f
0x000000a2e81ff2d0:   0000028665a77aa0 00007ffd0caf7c4c
0x000000a2e81ff2e0:   00000286657a1f60 00000286653c35f0
0x000000a2e81ff2f0:   0000028664ba74f0 000002866da4b260
0x000000a2e81ff300:   0000028665a77aa8 00007ffd0ca84ecf
0x000000a2e81ff310:   0000000000000000 0000028665a77aa0
0x000000a2e81ff320:   0000000000000001 fffffffffffffffe
0x000000a2e81ff330:   0000000000000001 00007ffd0ca402a0
0x000000a2e81ff340:   0000000000000001 0000000000000000
0x000000a2e81ff350:   0000028665a77aa0 0000000000000000
0x000000a2e81ff360:   0000028665a77aa0 00007ffd0ca3fae0
0x000000a2e81ff370:   0000028665a77aa8 0000000000000000
0x000000a2e81ff380:   00007ffcd9cda7e0 0000000000000000
0x000000a2e81ff390:   000002866d227028 00007ffd0ca3f98f
0x000000a2e81ff3a0:   0000000000000001 00007ffd1548f05b 

Instructions: (pc=0x00007ffd0caf81b2)
0x00007ffd0caf80b2:   8b 53 08 41 ff c8 49 c1 e0 03 48 83 c2 08 e8 dd
0x00007ffd0caf80c2:   1a f8 ff 48 8b 4b 08 48 85 c9 74 12 48 2b 49 f8
0x00007ffd0caf80d2:   74 0c 48 ff 15 6d 02 09 00 0f 1f 44 00 00 44 8b
0x00007ffd0caf80e2:   03 48 89 73 08 48 63 47 08 8b 57 14 48 f7 d8 48
0x00007ffd0caf80f2:   c1 e0 3f 48 d1 ea 48 03 d0 8b 07 48 c1 e0 1f 48
0x00007ffd0caf8102:   03 d0 eb 48 4c 8b 5b 08 41 8b c0 48 d1 e8 45 8b
0x00007ffd0caf8112:   c8 4d 8b 14 c3 49 63 42 08 41 8b 4a 14 48 f7 d8
0x00007ffd0caf8122:   48 c1 e0 3f 48 d1 e9 48 03 c8 41 8b 02 48 c1 e0
0x00007ffd0caf8132:   1f 48 03 c8 48 3b d1 73 19 4f 89 14 cb 48 8b 43
0x00007ffd0caf8142:   08 4a 8b 0c c8 44 89 41 0c 41 d1 e8 41 83 f8 01
0x00007ffd0caf8152:   77 b2 48 8b 4b 08 b8 01 00 00 00 41 8b d0 48 89
0x00007ffd0caf8162:   3c d1 48 8b 4b 08 48 8b 14 d1 44 89 42 0c ff 03
0x00007ffd0caf8172:   48 8b 5c 24 38 48 8b 74 24 40 48 83 c4 20 5f c3
0x00007ffd0caf8182:   cc cc cc cc cc cc cc cc cc cc 48 89 5c 24 08 57
0x00007ffd0caf8192:   48 83 ec 20 4c 8b 41 08 48 8b fa 44 8b 4a 0c 4c
0x00007ffd0caf81a2:   8b d1 ff 09 8b 01 8b 4f 14 48 d1 e9 49 8b 14 c0
0x00007ffd0caf81b2:   48 63 42 08 44 8b 5a 14 48 f7 d8 48 c1 e0 3f 49
0x00007ffd0caf81c2:   d1 eb 4c 03 d8 8b 02 48 c1 e0 1f 4c 03 d8 48 63
0x00007ffd0caf81d2:   47 08 48 f7 d8 48 c1 e0 3f 48 03 c8 8b 07 48 c1
0x00007ffd0caf81e2:   e0 1f 48 03 c8 4c 3b d9 72 6e 4b 89 14 c8 41 8b
0x00007ffd0caf81f2:   d1 49 8b 42 08 4a 8b 0c c8 44 89 49 0c 49 8b ca
0x00007ffd0caf8202:   e8 c5 01 00 00 83 67 0c 00 48 8b 5c 24 30 48 83
0x00007ffd0caf8212:   c4 20 5f c3 cc 49 8b 5a 08 41 8b c1 48 d1 e8 48
0x00007ffd0caf8222:   8b 14 c3 48 63 42 08 8b 4a 14 48 f7 d8 48 c1 e0
0x00007ffd0caf8232:   3f 48 d1 e9 48 03 c8 8b 02 48 c1 e0 1f 48 03 c8
0x00007ffd0caf8242:   4c 3b d9 73 19 4a 89 14 cb 49 8b 42 08 4a 8b 0c
0x00007ffd0caf8252:   c8 44 89 49 0c 41 d1 e9 41 83 f9 01 77 b7 41 8b
0x00007ffd0caf8262:   02 49 8b 52 08 48 8b 0c c2 4a 89 0c ca 49 8b 42
0x00007ffd0caf8272:   08 4a 8b 0c c8 44 89 49 0c eb 8a cc cc cc cc cc
0x00007ffd0caf8282:   cc cc 48 89 5c 24 08 48 89 74 24 10 57 48 83 ec
0x00007ffd0caf8292:   20 44 8b 19 33 ff 4c 8b d1 45 8d 43 ff 43 8d 04
0x00007ffd0caf82a2:   00 45 8b c8 41 8b d8 41 3b c3 72 47 48 8b 71 08 


Stack slot to memory mapping:
stack at sp + 0 slots: 0x0 is NULL
stack at sp + 1 slots: 0x00007ffd0ca4041e d3d9.dll
stack at sp + 2 slots: 0x000002866de9f030 points into unknown readable memory: 0x0000000000000000 | 00 00 00 00 00 00 00 00
stack at sp + 3 slots: 0x00007ffd156c934f KERNELBASE.dll
stack at sp + 4 slots: 0x0000028665a77aa0 points into unknown readable memory: 0x00007ffd0cb81638 | 38 16 b8 0c fd 7f 00 00
stack at sp + 5 slots: 0x00007ffd0caf7c4c d3d9.dll
stack at sp + 6 slots: 0x00000286657a1f60 points into unknown readable memory: 0x0000000000000000 | 00 00 00 00 00 00 00 00
stack at sp + 7 slots: 0x00000286653c35f0 points into unknown readable memory: 0x0000000000000000 | 00 00 00 00 00 00 00 00


---------------  P R O C E S S  ---------------

Threads class SMR info:
_java_thread_list=0x00000286654c52a0, length=18, elements={
0x0000028663ec4d70, 0x0000028663ec5be0, 0x0000028663ed9f60, 0x0000028663edc920,
0x0000028663edd8e0, 0x0000028663ee6ab0, 0x0000028663eedd60, 0x0000028663eee800,
0x0000028663ef99d0, 0x00000286649bb9f0, 0x00000286649c26f0, 0x0000028664ba6540,
0x0000028664ba6a10, 0x0000028664ba74f0, 0x00000286657717a0, 0x0000028665799330,
0x000002866579d150, 0x000002866579a130
}

Java Threads: ( => current thread )
  0x0000028663ec4d70 JavaThread "Reference Handler" daemon [_thread_blocked, id=12064, stack(0x000000a2e7300000,0x000000a2e7400000)]
  0x0000028663ec5be0 JavaThread "Finalizer" daemon [_thread_blocked, id=13812, stack(0x000000a2e7400000,0x000000a2e7500000)]
  0x0000028663ed9f60 JavaThread "Signal Dispatcher" daemon [_thread_blocked, id=21176, stack(0x000000a2e7500000,0x000000a2e7600000)]
  0x0000028663edc920 JavaThread "Attach Listener" daemon [_thread_blocked, id=25632, stack(0x000000a2e7600000,0x000000a2e7700000)]
  0x0000028663edd8e0 JavaThread "Service Thread" daemon [_thread_blocked, id=24020, stack(0x000000a2e7700000,0x000000a2e7800000)]
  0x0000028663ee6ab0 JavaThread "Monitor Deflation Thread" daemon [_thread_blocked, id=21996, stack(0x000000a2e7800000,0x000000a2e7900000)]
  0x0000028663eedd60 JavaThread "C2 CompilerThread0" daemon [_thread_blocked, id=9896, stack(0x000000a2e7900000,0x000000a2e7a00000)]
  0x0000028663eee800 JavaThread "C1 CompilerThread0" daemon [_thread_blocked, id=15012, stack(0x000000a2e7a00000,0x000000a2e7b00000)]
  0x0000028663ef99d0 JavaThread "Sweeper thread" daemon [_thread_blocked, id=6396, stack(0x000000a2e7b00000,0x000000a2e7c00000)]
  0x00000286649bb9f0 JavaThread "Notification Thread" daemon [_thread_blocked, id=17180, stack(0x000000a2e7c00000,0x000000a2e7d00000)]
  0x00000286649c26f0 JavaThread "Common-Cleaner" daemon [_thread_blocked, id=13672, stack(0x000000a2e7e00000,0x000000a2e7f00000)]
  0x0000028664ba6540 JavaThread "Java2D Disposer" daemon [_thread_blocked, id=25360, stack(0x000000a2e7f00000,0x000000a2e8000000)]
  0x0000028664ba6a10 JavaThread "AWT-Shutdown" [_thread_blocked, id=26528, stack(0x000000a2e8000000,0x000000a2e8100000)]
=>0x0000028664ba74f0 JavaThread "AWT-Windows" daemon [_thread_in_native, id=12408, stack(0x000000a2e8100000,0x000000a2e8200000)]
  0x00000286657717a0 JavaThread "AWT-EventQueue-0" [_thread_in_native, id=15720, stack(0x000000a2e8400000,0x000000a2e8500000)]
  0x0000028665799330 JavaThread "Animation Thread" [_thread_blocked, id=13132, stack(0x000000a2e8700000,0x000000a2e8800000)]
  0x000002866579d150 JavaThread "DestroyJavaVM" [_thread_blocked, id=13272, stack(0x000000a2e6c00000,0x000000a2e6d00000)]
  0x000002866579a130 JavaThread "ToolkitShutdown" daemon [_thread_in_native, id=5720, stack(0x000000a2e8f00000,0x000000a2e9000000)]

Other Threads:
  0x0000028663ebf090 VMThread "VM Thread" [stack: 0x000000a2e7200000,0x000000a2e7300000] [id=23144]
  0x0000028643e876d0 WatcherThread [stack: 0x000000a2e7d00000,0x000000a2e7e00000] [id=19048]
  0x0000028643e58e70 GCTaskThread "GC Thread#0" [stack: 0x000000a2e6d00000,0x000000a2e6e00000] [id=23248]
  0x000002866d9da2b0 GCTaskThread "GC Thread#1" [stack: 0x000000a2e8800000,0x000000a2e8900000] [id=5144]
  0x000002866d9da560 GCTaskThread "GC Thread#2" [stack: 0x000000a2e8900000,0x000000a2e8a00000] [id=15520]
  0x000002866d9da810 GCTaskThread "GC Thread#3" [stack: 0x000000a2e8a00000,0x000000a2e8b00000] [id=5584]
  0x000002866d9daac0 GCTaskThread "GC Thread#4" [stack: 0x000000a2e8b00000,0x000000a2e8c00000] [id=25228]
  0x000002866d9dad70 GCTaskThread "GC Thread#5" [stack: 0x000000a2e8c00000,0x000000a2e8d00000] [id=25524]
  0x000002866d9db020 GCTaskThread "GC Thread#6" [stack: 0x000000a2e8d00000,0x000000a2e8e00000] [id=21636]
  0x000002866d7bf080 GCTaskThread "GC Thread#7" [stack: 0x000000a2e8e00000,0x000000a2e8f00000] [id=23920]
  0x0000028643e6a290 ConcurrentGCThread "G1 Main Marker" [stack: 0x000000a2e6e00000,0x000000a2e6f00000] [id=4856]
  0x0000028643e6aca0 ConcurrentGCThread "G1 Conc#0" [stack: 0x000000a2e6f00000,0x000000a2e7000000] [id=15924]
  0x0000028643ed87b0 ConcurrentGCThread "G1 Refine#0" [stack: 0x000000a2e7000000,0x000000a2e7100000] [id=23444]
  0x0000028643ed91d0 ConcurrentGCThread "G1 Service" [stack: 0x000000a2e7100000,0x000000a2e7200000] [id=25808]

Threads with active compile tasks:

VM state: not at safepoint (normal execution)

VM Mutex/Monitor currently owned by a thread: None

Heap address: 0x0000000081600000, size: 2026 MB, Compressed Oops mode: 32-bit

CDS archive(s) mapped at: [0x0000000800000000-0x0000000800bc0000-0x0000000800bc0000), size 12320768, SharedBaseAddress: 0x0000000800000000, ArchiveRelocationMode: 0.
Compressed class space mapped at: 0x0000000800c00000-0x0000000840c00000, reserved size: 1073741824
Narrow klass base: 0x0000000800000000, Narrow klass shift: 0, Narrow klass range: 0x100000000

GC Precious Log:
 CPUs: 8 total, 8 available
 Memory: 8099M
 Large Page Support: Disabled
 NUMA Support: Disabled
 Compressed Oops: Enabled (32-bit)
 Heap Region Size: 1M
 Heap Min Capacity: 8M
 Heap Initial Capacity: 128M
 Heap Max Capacity: 2026M
 Pre-touch: Disabled
 Parallel Workers: 8
 Concurrent Workers: 2
 Concurrent Refinement Workers: 8
 Periodic GC: Disabled

Heap:
 garbage-first heap   total 131072K, used 84139K [0x0000000081600000, 0x0000000100000000)
  region size 1024K, 75 young (76800K), 1 survivors (1024K)
 Metaspace       used 9356K, committed 9600K, reserved 1064960K
  class space    used 925K, committed 1024K, reserved 1048576K

Heap Regions: E=young(eden), S=young(survivor), O=old, HS=humongous(starts), HC=humongous(continues), CS=collection set, F=free, OA=open archive, CA=closed archive, TAMS=top-at-mark-start (previous, next)
|   0|0x0000000081600000, 0x0000000081700000, 0x0000000081700000|100%|HS|  |TAMS 0x0000000081600000, 0x0000000081600000| Complete 
|   1|0x0000000081700000, 0x0000000081800000, 0x0000000081800000|100%|HC|  |TAMS 0x0000000081700000, 0x0000000081700000| Complete 
|   2|0x0000000081800000, 0x0000000081900000, 0x0000000081900000|100%|HC|  |TAMS 0x0000000081800000, 0x0000000081800000| Complete 
|   3|0x0000000081900000, 0x0000000081a00000, 0x0000000081a00000|100%| O|  |TAMS 0x0000000081900000, 0x0000000081900000| Untracked 
|   4|0x0000000081a00000, 0x0000000081b00000, 0x0000000081b00000|100%| O|  |TAMS 0x0000000081a00000, 0x0000000081a00000| Untracked 
|   5|0x0000000081b00000, 0x0000000081bee200, 0x0000000081c00000| 93%| O|  |TAMS 0x0000000081b00000, 0x0000000081b00000| Untracked 
|   6|0x0000000081c00000, 0x0000000081d00000, 0x0000000081d00000|100%|HS|  |TAMS 0x0000000081c00000, 0x0000000081c00000| Complete 
|   7|0x0000000081d00000, 0x0000000081e00000, 0x0000000081e00000|100%|HC|  |TAMS 0x0000000081d00000, 0x0000000081d00000| Complete 
|   8|0x0000000081e00000, 0x0000000081f00000, 0x0000000081f00000|100%|HC|  |TAMS 0x0000000081e00000, 0x0000000081e00000| Complete 
|   9|0x0000000081f00000, 0x0000000081f00000, 0x0000000082000000|  0%| F|  |TAMS 0x0000000081f00000, 0x0000000081f00000| Untracked 
|  10|0x0000000082000000, 0x0000000082000000, 0x0000000082100000|  0%| F|  |TAMS 0x0000000082000000, 0x0000000082000000| Untracked 
|  11|0x0000000082100000, 0x0000000082100000, 0x0000000082200000|  0%| F|  |TAMS 0x0000000082100000, 0x0000000082100000| Untracked 
|  12|0x0000000082200000, 0x0000000082200000, 0x0000000082300000|  0%| F|  |TAMS 0x0000000082200000, 0x0000000082200000| Untracked 
|  13|0x0000000082300000, 0x0000000082300000, 0x0000000082400000|  0%| F|  |TAMS 0x0000000082300000, 0x0000000082300000| Untracked 
|  14|0x0000000082400000, 0x0000000082400000, 0x0000000082500000|  0%| F|  |TAMS 0x0000000082400000, 0x0000000082400000| Untracked 
|  15|0x0000000082500000, 0x0000000082500000, 0x0000000082600000|  0%| F|  |TAMS 0x0000000082500000, 0x0000000082500000| Untracked 
|  16|0x0000000082600000, 0x0000000082600000, 0x0000000082700000|  0%| F|  |TAMS 0x0000000082600000, 0x0000000082600000| Untracked 
|  17|0x0000000082700000, 0x0000000082700000, 0x0000000082800000|  0%| F|  |TAMS 0x0000000082700000, 0x0000000082700000| Untracked 
|  18|0x0000000082800000, 0x0000000082800000, 0x0000000082900000|  0%| F|  |TAMS 0x0000000082800000, 0x0000000082800000| Untracked 
|  19|0x0000000082900000, 0x0000000082900000, 0x0000000082a00000|  0%| F|  |TAMS 0x0000000082900000, 0x0000000082900000| Untracked 
|  20|0x0000000082a00000, 0x0000000082a00000, 0x0000000082b00000|  0%| F|  |TAMS 0x0000000082a00000, 0x0000000082a00000| Untracked 
|  21|0x0000000082b00000, 0x0000000082b00000, 0x0000000082c00000|  0%| F|  |TAMS 0x0000000082b00000, 0x0000000082b00000| Untracked 
|  22|0x0000000082c00000, 0x0000000082c00000, 0x0000000082d00000|  0%| F|  |TAMS 0x0000000082c00000, 0x0000000082c00000| Untracked 
|  23|0x0000000082d00000, 0x0000000082d00000, 0x0000000082e00000|  0%| F|  |TAMS 0x0000000082d00000, 0x0000000082d00000| Untracked 
|  24|0x0000000082e00000, 0x0000000082e00000, 0x0000000082f00000|  0%| F|  |TAMS 0x0000000082e00000, 0x0000000082e00000| Untracked 
|  25|0x0000000082f00000, 0x0000000082f00000, 0x0000000083000000|  0%| F|  |TAMS 0x0000000082f00000, 0x0000000082f00000| Untracked 
|  26|0x0000000083000000, 0x0000000083000000, 0x0000000083100000|  0%| F|  |TAMS 0x0000000083000000, 0x0000000083000000| Untracked 
|  27|0x0000000083100000, 0x0000000083100000, 0x0000000083200000|  0%| F|  |TAMS 0x0000000083100000, 0x0000000083100000| Untracked 
|  28|0x0000000083200000, 0x0000000083200000, 0x0000000083300000|  0%| F|  |TAMS 0x0000000083200000, 0x0000000083200000| Untracked 
|  29|0x0000000083300000, 0x0000000083300000, 0x0000000083400000|  0%| F|  |TAMS 0x0000000083300000, 0x0000000083300000| Untracked 
|  30|0x0000000083400000, 0x0000000083400000, 0x0000000083500000|  0%| F|  |TAMS 0x0000000083400000, 0x0000000083400000| Untracked 
|  31|0x0000000083500000, 0x0000000083500000, 0x0000000083600000|  0%| F|  |TAMS 0x0000000083500000, 0x0000000083500000| Untracked 
|  32|0x0000000083600000, 0x0000000083600000, 0x0000000083700000|  0%| F|  |TAMS 0x0000000083600000, 0x0000000083600000| Untracked 
|  33|0x0000000083700000, 0x0000000083700000, 0x0000000083800000|  0%| F|  |TAMS 0x0000000083700000, 0x0000000083700000| Untracked 
|  34|0x0000000083800000, 0x0000000083800000, 0x0000000083900000|  0%| F|  |TAMS 0x0000000083800000, 0x0000000083800000| Untracked 
|  35|0x0000000083900000, 0x0000000083900000, 0x0000000083a00000|  0%| F|  |TAMS 0x0000000083900000, 0x0000000083900000| Untracked 
|  36|0x0000000083a00000, 0x0000000083a00000, 0x0000000083b00000|  0%| F|  |TAMS 0x0000000083a00000, 0x0000000083a00000| Untracked 
|  37|0x0000000083b00000, 0x0000000083b00000, 0x0000000083c00000|  0%| F|  |TAMS 0x0000000083b00000, 0x0000000083b00000| Untracked 
|  38|0x0000000083c00000, 0x0000000083c00000, 0x0000000083d00000|  0%| F|  |TAMS 0x0000000083c00000, 0x0000000083c00000| Untracked 
|  39|0x0000000083d00000, 0x0000000083d00000, 0x0000000083e00000|  0%| F|  |TAMS 0x0000000083d00000, 0x0000000083d00000| Untracked 
|  40|0x0000000083e00000, 0x0000000083e00000, 0x0000000083f00000|  0%| F|  |TAMS 0x0000000083e00000, 0x0000000083e00000| Untracked 
|  41|0x0000000083f00000, 0x0000000083f00000, 0x0000000084000000|  0%| F|  |TAMS 0x0000000083f00000, 0x0000000083f00000| Untracked 
|  42|0x0000000084000000, 0x0000000084000000, 0x0000000084100000|  0%| F|  |TAMS 0x0000000084000000, 0x0000000084000000| Untracked 
|  43|0x0000000084100000, 0x0000000084100000, 0x0000000084200000|  0%| F|  |TAMS 0x0000000084100000, 0x0000000084100000| Untracked 
|  44|0x0000000084200000, 0x0000000084200000, 0x0000000084300000|  0%| F|  |TAMS 0x0000000084200000, 0x0000000084200000| Untracked 
|  45|0x0000000084300000, 0x0000000084300000, 0x0000000084400000|  0%| F|  |TAMS 0x0000000084300000, 0x0000000084300000| Untracked 
|  46|0x0000000084400000, 0x0000000084400000, 0x0000000084500000|  0%| F|  |TAMS 0x0000000084400000, 0x0000000084400000| Untracked 
|  47|0x0000000084500000, 0x0000000084500000, 0x0000000084600000|  0%| F|  |TAMS 0x0000000084500000, 0x0000000084500000| Untracked 
|  48|0x0000000084600000, 0x0000000084600000, 0x0000000084700000|  0%| F|  |TAMS 0x0000000084600000, 0x0000000084600000| Untracked 
|  49|0x0000000084700000, 0x0000000084700000, 0x0000000084800000|  0%| F|  |TAMS 0x0000000084700000, 0x0000000084700000| Untracked 
|  50|0x0000000084800000, 0x0000000084800000, 0x0000000084900000|  0%| F|  |TAMS 0x0000000084800000, 0x0000000084800000| Untracked 
|  51|0x0000000084900000, 0x0000000084900000, 0x0000000084a00000|  0%| F|  |TAMS 0x0000000084900000, 0x0000000084900000| Untracked 
|  52|0x0000000084a00000, 0x0000000084a3ca30, 0x0000000084b00000| 23%| S|CS|TAMS 0x0000000084a00000, 0x0000000084a00000| Complete 
|  53|0x0000000084b00000, 0x0000000084b00000, 0x0000000084c00000|  0%| F|  |TAMS 0x0000000084b00000, 0x0000000084b00000| Untracked 
|  54|0x0000000084c00000, 0x0000000084d00000, 0x0000000084d00000|100%| E|  |TAMS 0x0000000084c00000, 0x0000000084c00000| Complete 
|  55|0x0000000084d00000, 0x0000000084e00000, 0x0000000084e00000|100%| E|CS|TAMS 0x0000000084d00000, 0x0000000084d00000| Complete 
|  56|0x0000000084e00000, 0x0000000084f00000, 0x0000000084f00000|100%| E|CS|TAMS 0x0000000084e00000, 0x0000000084e00000| Complete 
|  57|0x0000000084f00000, 0x0000000085000000, 0x0000000085000000|100%| E|CS|TAMS 0x0000000084f00000, 0x0000000084f00000| Complete 
|  58|0x0000000085000000, 0x0000000085100000, 0x0000000085100000|100%| E|CS|TAMS 0x0000000085000000, 0x0000000085000000| Complete 
|  59|0x0000000085100000, 0x0000000085200000, 0x0000000085200000|100%| E|CS|TAMS 0x0000000085100000, 0x0000000085100000| Complete 
|  60|0x0000000085200000, 0x0000000085300000, 0x0000000085300000|100%| E|CS|TAMS 0x0000000085200000, 0x0000000085200000| Complete 
|  61|0x0000000085300000, 0x0000000085400000, 0x0000000085400000|100%| E|CS|TAMS 0x0000000085300000, 0x0000000085300000| Complete 
|  62|0x0000000085400000, 0x0000000085500000, 0x0000000085500000|100%| E|CS|TAMS 0x0000000085400000, 0x0000000085400000| Complete 
|  63|0x0000000085500000, 0x0000000085600000, 0x0000000085600000|100%| E|CS|TAMS 0x0000000085500000, 0x0000000085500000| Complete 
|  64|0x0000000085600000, 0x0000000085700000, 0x0000000085700000|100%| E|CS|TAMS 0x0000000085600000, 0x0000000085600000| Complete 
|  65|0x0000000085700000, 0x0000000085800000, 0x0000000085800000|100%| E|CS|TAMS 0x0000000085700000, 0x0000000085700000| Complete 
|  66|0x0000000085800000, 0x0000000085900000, 0x0000000085900000|100%| E|CS|TAMS 0x0000000085800000, 0x0000000085800000| Complete 
|  67|0x0000000085900000, 0x0000000085a00000, 0x0000000085a00000|100%| E|CS|TAMS 0x0000000085900000, 0x0000000085900000| Complete 
|  68|0x0000000085a00000, 0x0000000085b00000, 0x0000000085b00000|100%| E|CS|TAMS 0x0000000085a00000, 0x0000000085a00000| Complete 
|  69|0x0000000085b00000, 0x0000000085c00000, 0x0000000085c00000|100%| E|CS|TAMS 0x0000000085b00000, 0x0000000085b00000| Complete 
|  70|0x0000000085c00000, 0x0000000085d00000, 0x0000000085d00000|100%| E|CS|TAMS 0x0000000085c00000, 0x0000000085c00000| Complete 
|  71|0x0000000085d00000, 0x0000000085e00000, 0x0000000085e00000|100%| E|CS|TAMS 0x0000000085d00000, 0x0000000085d00000| Complete 
|  72|0x0000000085e00000, 0x0000000085f00000, 0x0000000085f00000|100%| E|CS|TAMS 0x0000000085e00000, 0x0000000085e00000| Complete 
|  73|0x0000000085f00000, 0x0000000086000000, 0x0000000086000000|100%| E|CS|TAMS 0x0000000085f00000, 0x0000000085f00000| Complete 
|  74|0x0000000086000000, 0x0000000086100000, 0x0000000086100000|100%| E|CS|TAMS 0x0000000086000000, 0x0000000086000000| Complete 
|  75|0x0000000086100000, 0x0000000086200000, 0x0000000086200000|100%| E|CS|TAMS 0x0000000086100000, 0x0000000086100000| Complete 
|  76|0x0000000086200000, 0x0000000086300000, 0x0000000086300000|100%| E|CS|TAMS 0x0000000086200000, 0x0000000086200000| Complete 
|  77|0x0000000086300000, 0x0000000086400000, 0x0000000086400000|100%| E|CS|TAMS 0x0000000086300000, 0x0000000086300000| Complete 
|  78|0x0000000086400000, 0x0000000086500000, 0x0000000086500000|100%| E|CS|TAMS 0x0000000086400000, 0x0000000086400000| Complete 
|  79|0x0000000086500000, 0x0000000086600000, 0x0000000086600000|100%| E|CS|TAMS 0x0000000086500000, 0x0000000086500000| Complete 
|  80|0x0000000086600000, 0x0000000086700000, 0x0000000086700000|100%| E|CS|TAMS 0x0000000086600000, 0x0000000086600000| Complete 
|  81|0x0000000086700000, 0x0000000086800000, 0x0000000086800000|100%| E|CS|TAMS 0x0000000086700000, 0x0000000086700000| Complete 
|  82|0x0000000086800000, 0x0000000086900000, 0x0000000086900000|100%| E|CS|TAMS 0x0000000086800000, 0x0000000086800000| Complete 
|  83|0x0000000086900000, 0x0000000086a00000, 0x0000000086a00000|100%| E|CS|TAMS 0x0000000086900000, 0x0000000086900000| Complete 
|  84|0x0000000086a00000, 0x0000000086b00000, 0x0000000086b00000|100%| E|CS|TAMS 0x0000000086a00000, 0x0000000086a00000| Complete 
|  85|0x0000000086b00000, 0x0000000086c00000, 0x0000000086c00000|100%| E|CS|TAMS 0x0000000086b00000, 0x0000000086b00000| Complete 
|  86|0x0000000086c00000, 0x0000000086d00000, 0x0000000086d00000|100%| E|CS|TAMS 0x0000000086c00000, 0x0000000086c00000| Complete 
|  87|0x0000000086d00000, 0x0000000086e00000, 0x0000000086e00000|100%| E|CS|TAMS 0x0000000086d00000, 0x0000000086d00000| Complete 
|  88|0x0000000086e00000, 0x0000000086f00000, 0x0000000086f00000|100%| E|CS|TAMS 0x0000000086e00000, 0x0000000086e00000| Complete 
|  89|0x0000000086f00000, 0x0000000087000000, 0x0000000087000000|100%| E|CS|TAMS 0x0000000086f00000, 0x0000000086f00000| Complete 
|  90|0x0000000087000000, 0x0000000087100000, 0x0000000087100000|100%| E|CS|TAMS 0x0000000087000000, 0x0000000087000000| Complete 
|  91|0x0000000087100000, 0x0000000087200000, 0x0000000087200000|100%| E|CS|TAMS 0x0000000087100000, 0x0000000087100000| Complete 
|  92|0x0000000087200000, 0x0000000087300000, 0x0000000087300000|100%| E|CS|TAMS 0x0000000087200000, 0x0000000087200000| Complete 
|  93|0x0000000087300000, 0x0000000087400000, 0x0000000087400000|100%| E|CS|TAMS 0x0000000087300000, 0x0000000087300000| Complete 
|  94|0x0000000087400000, 0x0000000087500000, 0x0000000087500000|100%| E|CS|TAMS 0x0000000087400000, 0x0000000087400000| Complete 
|  95|0x0000000087500000, 0x0000000087600000, 0x0000000087600000|100%| E|CS|TAMS 0x0000000087500000, 0x0000000087500000| Complete 
|  96|0x0000000087600000, 0x0000000087700000, 0x0000000087700000|100%| E|CS|TAMS 0x0000000087600000, 0x0000000087600000| Complete 
|  97|0x0000000087700000, 0x0000000087800000, 0x0000000087800000|100%| E|CS|TAMS 0x0000000087700000, 0x0000000087700000| Complete 
|  98|0x0000000087800000, 0x0000000087900000, 0x0000000087900000|100%| E|CS|TAMS 0x0000000087800000, 0x0000000087800000| Complete 
|  99|0x0000000087900000, 0x0000000087a00000, 0x0000000087a00000|100%| E|CS|TAMS 0x0000000087900000, 0x0000000087900000| Complete 
| 100|0x0000000087a00000, 0x0000000087b00000, 0x0000000087b00000|100%| E|CS|TAMS 0x0000000087a00000, 0x0000000087a00000| Complete 
| 101|0x0000000087b00000, 0x0000000087c00000, 0x0000000087c00000|100%| E|CS|TAMS 0x0000000087b00000, 0x0000000087b00000| Complete 
| 102|0x0000000087c00000, 0x0000000087d00000, 0x0000000087d00000|100%| E|CS|TAMS 0x0000000087c00000, 0x0000000087c00000| Complete 
| 103|0x0000000087d00000, 0x0000000087e00000, 0x0000000087e00000|100%| E|CS|TAMS 0x0000000087d00000, 0x0000000087d00000| Complete 
| 104|0x0000000087e00000, 0x0000000087f00000, 0x0000000087f00000|100%| E|CS|TAMS 0x0000000087e00000, 0x0000000087e00000| Complete 
| 105|0x0000000087f00000, 0x0000000088000000, 0x0000000088000000|100%| E|CS|TAMS 0x0000000087f00000, 0x0000000087f00000| Complete 
| 106|0x0000000088000000, 0x0000000088100000, 0x0000000088100000|100%| E|CS|TAMS 0x0000000088000000, 0x0000000088000000| Complete 
| 107|0x0000000088100000, 0x0000000088200000, 0x0000000088200000|100%| E|CS|TAMS 0x0000000088100000, 0x0000000088100000| Complete 
| 108|0x0000000088200000, 0x0000000088300000, 0x0000000088300000|100%| E|CS|TAMS 0x0000000088200000, 0x0000000088200000| Complete 
| 109|0x0000000088300000, 0x0000000088400000, 0x0000000088400000|100%| E|CS|TAMS 0x0000000088300000, 0x0000000088300000| Complete 
| 110|0x0000000088400000, 0x0000000088500000, 0x0000000088500000|100%| E|CS|TAMS 0x0000000088400000, 0x0000000088400000| Complete 
| 111|0x0000000088500000, 0x0000000088600000, 0x0000000088600000|100%| E|CS|TAMS 0x0000000088500000, 0x0000000088500000| Complete 
| 112|0x0000000088600000, 0x0000000088700000, 0x0000000088700000|100%| E|CS|TAMS 0x0000000088600000, 0x0000000088600000| Complete 
| 113|0x0000000088700000, 0x0000000088800000, 0x0000000088800000|100%| E|CS|TAMS 0x0000000088700000, 0x0000000088700000| Complete 
| 114|0x0000000088800000, 0x0000000088900000, 0x0000000088900000|100%| E|CS|TAMS 0x0000000088800000, 0x0000000088800000| Complete 
| 115|0x0000000088900000, 0x0000000088a00000, 0x0000000088a00000|100%| E|CS|TAMS 0x0000000088900000, 0x0000000088900000| Complete 
| 116|0x0000000088a00000, 0x0000000088b00000, 0x0000000088b00000|100%| E|CS|TAMS 0x0000000088a00000, 0x0000000088a00000| Complete 
| 117|0x0000000088b00000, 0x0000000088c00000, 0x0000000088c00000|100%| E|CS|TAMS 0x0000000088b00000, 0x0000000088b00000| Complete 
| 118|0x0000000088c00000, 0x0000000088d00000, 0x0000000088d00000|100%| E|CS|TAMS 0x0000000088c00000, 0x0000000088c00000| Complete 
| 119|0x0000000088d00000, 0x0000000088e00000, 0x0000000088e00000|100%| E|CS|TAMS 0x0000000088d00000, 0x0000000088d00000| Complete 
| 120|0x0000000088e00000, 0x0000000088f00000, 0x0000000088f00000|100%| E|CS|TAMS 0x0000000088e00000, 0x0000000088e00000| Complete 
| 121|0x0000000088f00000, 0x0000000089000000, 0x0000000089000000|100%| E|CS|TAMS 0x0000000088f00000, 0x0000000088f00000| Complete 
| 122|0x0000000089000000, 0x0000000089100000, 0x0000000089100000|100%| E|CS|TAMS 0x0000000089000000, 0x0000000089000000| Complete 
| 123|0x0000000089100000, 0x0000000089200000, 0x0000000089200000|100%| E|CS|TAMS 0x0000000089100000, 0x0000000089100000| Complete 
| 124|0x0000000089200000, 0x0000000089300000, 0x0000000089300000|100%| E|CS|TAMS 0x0000000089200000, 0x0000000089200000| Complete 
| 125|0x0000000089300000, 0x0000000089400000, 0x0000000089400000|100%| E|CS|TAMS 0x0000000089300000, 0x0000000089300000| Complete 
| 126|0x0000000089400000, 0x0000000089500000, 0x0000000089500000|100%| E|CS|TAMS 0x0000000089400000, 0x0000000089400000| Complete 
| 127|0x0000000089500000, 0x0000000089600000, 0x0000000089600000|100%| E|CS|TAMS 0x0000000089500000, 0x0000000089500000| Complete 

Card table byte_map: [0x000002865ccf0000,0x000002865d0f0000] _byte_map_base: 0x000002865c8e5000

Marking Bits (Prev, Next): (CMBitMap*) 0x0000028643e59480, (CMBitMap*) 0x0000028643e594c0
 Prev Bits: [0x000002865d4f0000, 0x000002865f498000)
 Next Bits: [0x000002865f4a0000, 0x0000028661448000)

Polling page: 0x0000028643ee0000

Metaspace:

Usage:
  Non-class:      8.23 MB used.
      Class:    925.78 KB used.
       Both:      9.14 MB used.

Virtual space:
  Non-class space:       16.00 MB reserved,       8.38 MB ( 52%) committed,  2 nodes.
      Class space:        1.00 GB reserved,       1.00 MB ( <1%) committed,  1 nodes.
             Both:        1.02 GB reserved,       9.38 MB ( <1%) committed. 

Chunk freelists:
   Non-Class:  2.97 MB
       Class:  3.04 MB
        Both:  6.01 MB

MaxMetaspaceSize: unlimited
CompressedClassSpaceSize: 1.00 GB
Initial GC threshold: 21.00 MB
Current GC threshold: 21.00 MB
CDS: on
MetaspaceReclaimPolicy: balanced
 - commit_granule_bytes: 65536.
 - commit_granule_words: 8192.
 - virtual_space_node_default_size: 1048576.
 - enlarge_chunks_in_place: 1.
 - new_chunks_are_fully_committed: 0.
 - uncommit_free_chunks: 1.
 - use_allocation_guard: 0.
 - handle_deallocations: 1.


Internal statistics:

num_allocs_failed_limit: 0.
num_arena_births: 140.
num_arena_deaths: 0.
num_vsnodes_births: 3.
num_vsnodes_deaths: 0.
num_space_committed: 150.
num_space_uncommitted: 0.
num_chunks_returned_to_freelist: 0.
num_chunks_taken_from_freelist: 225.
num_chunk_merges: 0.
num_chunk_splits: 135.
num_chunks_enlarged: 69.
num_purges: 0.
num_inconsistent_stats: 0.

CodeHeap 'non-profiled nmethods': size=120000Kb used=1861Kb max_used=1861Kb free=118138Kb
 bounds [0x0000028654940000, 0x0000028654bb0000, 0x000002865be70000]
CodeHeap 'profiled nmethods': size=120000Kb used=3389Kb max_used=3389Kb free=116610Kb
 bounds [0x000002864d410000, 0x000002864d760000, 0x0000028654940000]
CodeHeap 'non-nmethods': size=5760Kb used=1309Kb max_used=1373Kb free=4450Kb
 bounds [0x000002864ce70000, 0x000002864d0e0000, 0x000002864d410000]
 total_blobs=2754 nmethods=2106 adapters=561
 compilation: enabled
              stopped_count=0, restarted_count=0
 full_count=0

Compilation events (20 events):
Event: 28017.660 Thread 0x0000028663eedd60 2096   !   4       java.awt.EventQueue::setCurrentEventAndMostRecentTimeImpl (191 bytes)
Event: 28017.676 Thread 0x0000028663eedd60 nmethod 2096 0x0000028654b06010 code [0x0000028654b061e0, 0x0000028654b06998]
Event: 28019.360 Thread 0x0000028663eedd60 2097       4       processing.core.PApplet::handleMethods (24 bytes)
Event: 28019.371 Thread 0x0000028663eedd60 nmethod 2097 0x0000028654b06e10 code [0x0000028654b06fc0, 0x0000028654b07738]
Event: 28019.508 Thread 0x0000028663eedd60 2098       4       processing.core.PApplet::handleDraw (371 bytes)
Event: 28019.563 Thread 0x0000028663eedd60 nmethod 2098 0x0000028654b07c90 code [0x0000028654b08060, 0x0000028654b0ad60]
Event: 31136.162 Thread 0x0000028663eee800 2099   !   3       java.lang.ref.Reference::processPendingReferences (118 bytes)
Event: 31136.165 Thread 0x0000028663eee800 nmethod 2099 0x000002864d75dc10 code [0x000002864d75de60, 0x000002864d75e7f8]
Event: 37388.827 Thread 0x0000028663eedd60 2102       4       java.awt.EventQueue::dispatchEvent (80 bytes)
Event: 37389.010 Thread 0x0000028663eedd60 nmethod 2102 0x0000028654b0cf90 code [0x0000028654b0d380, 0x0000028654b0f370]
Event: 37389.011 Thread 0x0000028663eedd60 2103       4       java.awt.EventQueue::getAccessControlContextFrom (53 bytes)
Event: 37389.012 Thread 0x0000028663eedd60 nmethod 2103 0x0000028654b10d10 code [0x0000028654b10ea0, 0x0000028654b10f58]
Event: 38484.902 Thread 0x0000028663eedd60 2104       4       java.lang.Object::equals (11 bytes)
Event: 38484.906 Thread 0x0000028663eedd60 nmethod 2104 0x0000028654b11090 code [0x0000028654b11200, 0x0000028654b11298]
Event: 38843.559 Thread 0x0000028663eee800 2105       1       sun.util.locale.StringTokenIterator::current (5 bytes)
Event: 38843.561 Thread 0x0000028663eee800 nmethod 2105 0x0000028654b11390 code [0x0000028654b11520, 0x0000028654b115f8]
Event: 38906.332 Thread 0x0000028663eee800 2106       3       java.util.WeakHashMap::indexFor (6 bytes)
Event: 38906.333 Thread 0x0000028663eee800 nmethod 2106 0x000002864d75eb10 code [0x000002864d75eca0, 0x000002864d75ed98]
Event: 38906.372 Thread 0x0000028663eee800 2107       3       java.util.IdentityHashMap$IdentityHashMapIterator::nextIndex (72 bytes)
Event: 38906.372 Thread 0x0000028663eee800 nmethod 2107 0x000002864d75ee10 code [0x000002864d75efe0, 0x000002864d75f368]

GC Heap History (20 events):
Event: 37578.505 GC heap before
{Heap before GC invocations=299 (full 0):
 garbage-first heap   total 131072K, used 86192K [0x0000000081600000, 0x0000000100000000)
  region size 1024K, 76 young (77824K), 1 survivors (1024K)
 Metaspace       used 9345K, committed 9536K, reserved 1064960K
  class space    used 923K, committed 1024K, reserved 1048576K
}
Event: 37578.507 GC heap after
{Heap after GC invocations=300 (full 0):
 garbage-first heap   total 131072K, used 9414K [0x0000000081600000, 0x0000000100000000)
  region size 1024K, 1 young (1024K), 1 survivors (1024K)
 Metaspace       used 9345K, committed 9536K, reserved 1064960K
  class space    used 923K, committed 1024K, reserved 1048576K
}
Event: 37686.321 GC heap before
{Heap before GC invocations=300 (full 0):
 garbage-first heap   total 131072K, used 86214K [0x0000000081600000, 0x0000000100000000)
  region size 1024K, 76 young (77824K), 1 survivors (1024K)
 Metaspace       used 9345K, committed 9536K, reserved 1064960K
  class space    used 923K, committed 1024K, reserved 1048576K
}
Event: 37686.322 GC heap after
{Heap after GC invocations=301 (full 0):
 garbage-first heap   total 131072K, used 9406K [0x0000000081600000, 0x0000000100000000)
  region size 1024K, 1 young (1024K), 1 survivors (1024K)
 Metaspace       used 9345K, committed 9536K, reserved 1064960K
  class space    used 923K, committed 1024K, reserved 1048576K
}
Event: 37823.062 GC heap before
{Heap before GC invocations=301 (full 0):
 garbage-first heap   total 131072K, used 86206K [0x0000000081600000, 0x0000000100000000)
  region size 1024K, 77 young (78848K), 1 survivors (1024K)
 Metaspace       used 9345K, committed 9536K, reserved 1064960K
  class space    used 923K, committed 1024K, reserved 1048576K
}
Event: 37823.064 GC heap after
{Heap after GC invocations=302 (full 0):
 garbage-first heap   total 131072K, used 9390K [0x0000000081600000, 0x0000000100000000)
  region size 1024K, 1 young (1024K), 1 survivors (1024K)
 Metaspace       used 9345K, committed 9536K, reserved 1064960K
  class space    used 923K, committed 1024K, reserved 1048576K
}
Event: 37936.094 GC heap before
{Heap before GC invocations=302 (full 0):
 garbage-first heap   total 131072K, used 86190K [0x0000000081600000, 0x0000000100000000)
  region size 1024K, 76 young (77824K), 1 survivors (1024K)
 Metaspace       used 9345K, committed 9536K, reserved 1064960K
  class space    used 923K, committed 1024K, reserved 1048576K
}
Event: 37936.094 GC heap after
{Heap after GC invocations=303 (full 0):
 garbage-first heap   total 131072K, used 9412K [0x0000000081600000, 0x0000000100000000)
  region size 1024K, 1 young (1024K), 1 survivors (1024K)
 Metaspace       used 9345K, committed 9536K, reserved 1064960K
  class space    used 923K, committed 1024K, reserved 1048576K
}
Event: 38125.448 GC heap before
{Heap before GC invocations=303 (full 0):
 garbage-first heap   total 131072K, used 86212K [0x0000000081600000, 0x0000000100000000)
  region size 1024K, 76 young (77824K), 1 survivors (1024K)
 Metaspace       used 9345K, committed 9536K, reserved 1064960K
  class space    used 923K, committed 1024K, reserved 1048576K
}
Event: 38125.448 GC heap after
{Heap after GC invocations=304 (full 0):
 garbage-first heap   total 131072K, used 9401K [0x0000000081600000, 0x0000000100000000)
  region size 1024K, 1 young (1024K), 1 survivors (1024K)
 Metaspace       used 9345K, committed 9536K, reserved 1064960K
  class space    used 923K, committed 1024K, reserved 1048576K
}
Event: 38225.882 GC heap before
{Heap before GC invocations=304 (full 0):
 garbage-first heap   total 131072K, used 86201K [0x0000000081600000, 0x0000000100000000)
  region size 1024K, 76 young (77824K), 1 survivors (1024K)
 Metaspace       used 9345K, committed 9536K, reserved 1064960K
  class space    used 923K, committed 1024K, reserved 1048576K
}
Event: 38225.882 GC heap after
{Heap after GC invocations=305 (full 0):
 garbage-first heap   total 131072K, used 9392K [0x0000000081600000, 0x0000000100000000)
  region size 1024K, 1 young (1024K), 1 survivors (1024K)
 Metaspace       used 9345K, committed 9536K, reserved 1064960K
  class space    used 923K, committed 1024K, reserved 1048576K
}
Event: 38362.767 GC heap before
{Heap before GC invocations=305 (full 0):
 garbage-first heap   total 131072K, used 86192K [0x0000000081600000, 0x0000000100000000)
  region size 1024K, 76 young (77824K), 1 survivors (1024K)
 Metaspace       used 9345K, committed 9536K, reserved 1064960K
  class space    used 923K, committed 1024K, reserved 1048576K
}
Event: 38362.768 GC heap after
{Heap after GC invocations=306 (full 0):
 garbage-first heap   total 131072K, used 9394K [0x0000000081600000, 0x0000000100000000)
  region size 1024K, 1 young (1024K), 1 survivors (1024K)
 Metaspace       used 9345K, committed 9536K, reserved 1064960K
  class space    used 923K, committed 1024K, reserved 1048576K
}
Event: 38483.864 GC heap before
{Heap before GC invocations=306 (full 0):
 garbage-first heap   total 131072K, used 86194K [0x0000000081600000, 0x0000000100000000)
  region size 1024K, 76 young (77824K), 1 survivors (1024K)
 Metaspace       used 9345K, committed 9536K, reserved 1064960K
  class space    used 923K, committed 1024K, reserved 1048576K
}
Event: 38483.865 GC heap after
{Heap after GC invocations=307 (full 0):
 garbage-first heap   total 131072K, used 9400K [0x0000000081600000, 0x0000000100000000)
  region size 1024K, 1 young (1024K), 1 survivors (1024K)
 Metaspace       used 9345K, committed 9536K, reserved 1064960K
  class space    used 923K, committed 1024K, reserved 1048576K
}
Event: 38639.638 GC heap before
{Heap before GC invocations=307 (full 0):
 garbage-first heap   total 131072K, used 86200K [0x0000000081600000, 0x0000000100000000)
  region size 1024K, 76 young (77824K), 1 survivors (1024K)
 Metaspace       used 9345K, committed 9536K, reserved 1064960K
  class space    used 923K, committed 1024K, reserved 1048576K
}
Event: 38639.639 GC heap after
{Heap after GC invocations=308 (full 0):
 garbage-first heap   total 131072K, used 9390K [0x0000000081600000, 0x0000000100000000)
  region size 1024K, 1 young (1024K), 1 survivors (1024K)
 Metaspace       used 9345K, committed 9536K, reserved 1064960K
  class space    used 923K, committed 1024K, reserved 1048576K
}
Event: 38740.583 GC heap before
{Heap before GC invocations=308 (full 0):
 garbage-first heap   total 131072K, used 86190K [0x0000000081600000, 0x0000000100000000)
  region size 1024K, 76 young (77824K), 1 survivors (1024K)
 Metaspace       used 9345K, committed 9536K, reserved 1064960K
  class space    used 923K, committed 1024K, reserved 1048576K
}
Event: 38740.583 GC heap after
{Heap after GC invocations=309 (full 0):
 garbage-first heap   total 131072K, used 9387K [0x0000000081600000, 0x0000000100000000)
  region size 1024K, 1 young (1024K), 1 survivors (1024K)
 Metaspace       used 9345K, committed 9536K, reserved 1064960K
  class space    used 923K, committed 1024K, reserved 1048576K
}

Deoptimization events (20 events):
Event: 38906.367 Thread 0x00000286657717a0 Uncommon trap: trap_request=0xffffff45 fr.pc=0x0000028654b05e38 relative=0x0000000000000318
Event: 38906.367 Thread 0x00000286657717a0 Uncommon trap: reason=unstable_if action=reinterpret pc=0x0000028654b05e38 method=java.security.AccessController.getContext()Ljava/security/AccessControlContext; @ 5 c2
Event: 38906.367 Thread 0x00000286657717a0 DEOPT PACKING pc=0x0000028654b05e38 sp=0x000000a2e84fe930
Event: 38906.367 Thread 0x00000286657717a0 DEOPT UNPACKING pc=0x000002864cec23a3 sp=0x000000a2e84fe880 mode 2
Event: 38906.369 Thread 0x00000286657717a0 Uncommon trap: trap_request=0xffffff45 fr.pc=0x0000028654ae92e8 relative=0x0000000000000048
Event: 38906.369 Thread 0x00000286657717a0 Uncommon trap: reason=unstable_if action=reinterpret pc=0x0000028654ae92e8 method=java.security.AccessController.getContext()Ljava/security/AccessControlContext; @ 5 c2
Event: 38906.369 Thread 0x00000286657717a0 DEOPT PACKING pc=0x0000028654ae92e8 sp=0x000000a2e84fe700
Event: 38906.369 Thread 0x00000286657717a0 DEOPT UNPACKING pc=0x000002864cec23a3 sp=0x000000a2e84fe698 mode 2
Event: 38906.369 Thread 0x0000028665799330 Uncommon trap: trap_request=0xffffff45 fr.pc=0x0000028654ab355c relative=0x00000000000002fc
Event: 38906.369 Thread 0x0000028665799330 Uncommon trap: reason=unstable_if action=reinterpret pc=0x0000028654ab355c method=processing.core.PSurfaceNone$AnimationThread.run()V @ 46 c2
Event: 38906.369 Thread 0x0000028665799330 DEOPT PACKING pc=0x0000028654ab355c sp=0x000000a2e87ff7a0
Event: 38906.370 Thread 0x0000028665799330 DEOPT UNPACKING pc=0x000002864cec23a3 sp=0x000000a2e87ff728 mode 2
Event: 38906.372 Thread 0x000002866573ccf0 Uncommon trap: trap_request=0xffffff45 fr.pc=0x0000028654ab0c24 relative=0x0000000000000ba4
Event: 38906.372 Thread 0x000002866573ccf0 Uncommon trap: reason=unstable_if action=reinterpret pc=0x0000028654ab0c24 method=sun.java2d.d3d.D3DScreenUpdateManager.run()V @ 4 c2
Event: 38906.372 Thread 0x000002866573ccf0 DEOPT PACKING pc=0x0000028654ab0c24 sp=0x000000a2e86ff160
Event: 38906.372 Thread 0x000002866573ccf0 DEOPT UNPACKING pc=0x000002864cec23a3 sp=0x000000a2e86ff108 mode 2
Event: 38906.378 Thread 0x00000286657717a0 Uncommon trap: trap_request=0xffffff45 fr.pc=0x0000028654ae311c relative=0x000000000000421c
Event: 38906.378 Thread 0x00000286657717a0 Uncommon trap: reason=unstable_if action=reinterpret pc=0x0000028654ae311c method=java.awt.EventQueue.cacheEQItem(Lsun/awt/EventQueueItem;)V @ 23 c2
Event: 38906.378 Thread 0x00000286657717a0 DEOPT PACKING pc=0x0000028654ae311c sp=0x000000a2e84fec30
Event: 38906.378 Thread 0x00000286657717a0 DEOPT UNPACKING pc=0x000002864cec23a3 sp=0x000000a2e84fea70 mode 2

Classes unloaded (0 events):
No events

Classes redefined (0 events):
No events

Internal exceptions (18 events):
Event: 0.059 Thread 0x0000028643ddde70 Exception <a 'java/lang/NoSuchMethodError'{0x00000000894c3fd0}: 'void java.lang.invoke.DirectMethodHandle$Holder.invokeStatic(java.lang.Object, java.lang.Object, java.lang.Object)'> (0x00000000894c3fd0) 
thrown [s\open\src\hotspot\share\interpreter\linkResolver.cpp, line 759]
Event: 0.068 Thread 0x0000028643ddde70 Exception <a 'java/lang/ClassNotFoundException'{0x000000008930fcb0}: sun/awt/resources/spi/awtProvider> (0x000000008930fcb0) 
thrown [s\open\src\hotspot\share\classfile\systemDictionary.cpp, line 256]
Event: 0.084 Thread 0x0000028643ddde70 Exception <a 'java/io/FileNotFoundException'{0x0000000089365858}> (0x0000000089365858) 
thrown [s\open\src\hotspot\share\prims\jni.cpp, line 516]
Event: 0.090 Thread 0x0000028643ddde70 Exception <a 'java/io/FileNotFoundException'{0x0000000089392c18}> (0x0000000089392c18) 
thrown [s\open\src\hotspot\share\prims\jni.cpp, line 516]
Event: 0.110 Thread 0x0000028643ddde70 Exception <a 'java/lang/NoSuchMethodError'{0x00000000893cae78}: 'java.lang.Object java.lang.invoke.DirectMethodHandle$Holder.invokeStaticInit(java.lang.Object)'> (0x00000000893cae78) 
thrown [s\open\src\hotspot\share\interpreter\linkResolver.cpp, line 759]
Event: 0.255 Thread 0x0000028643ddde70 Exception <a 'java/lang/NoSuchMethodError'{0x000000008912c098}: 'void java.lang.invoke.DirectMethodHandle$Holder.invokeSpecial(java.lang.Object, java.lang.Object, java.lang.Object)'> (0x000000008912c098) 
thrown [s\open\src\hotspot\share\interpreter\linkResolver.cpp, line 759]
Event: 0.260 Thread 0x0000028643ddde70 Exception <a 'java/lang/NoSuchMethodError'{0x0000000089155fc0}: 'java.lang.Object java.lang.invoke.DirectMethodHandle$Holder.newInvokeSpecial(java.lang.Object, java.lang.Object, java.lang.Object, java.lang.Object, java.lang.Object)'> (0x0000000089155fc0) 
thrown [s\open\src\hotspot\share\interpreter\linkResolver.cpp, line 759]
Event: 0.261 Thread 0x0000028643ddde70 Exception <a 'java/lang/NoSuchMethodError'{0x0000000089161988}: 'java.lang.Object java.lang.invoke.DirectMethodHandle$Holder.invokeStatic(java.lang.Object, int, java.lang.Object, java.lang.Object, java.lang.Object, java.lang.Object)'> (0x0000000089161988) 
thrown [s\open\src\hotspot\share\interpreter\linkResolver.cpp, line 759]
Event: 0.264 Thread 0x0000028643ddde70 Exception <a 'java/lang/NoSuchMethodError'{0x0000000089187440}: 'java.lang.Object java.lang.invoke.DirectMethodHandle$Holder.invokeStatic(java.lang.Object, int, java.lang.Object)'> (0x0000000089187440) 
thrown [s\open\src\hotspot\share\interpreter\linkResolver.cpp, line 759]
Event: 0.281 Thread 0x0000028643ddde70 Exception <a 'java/lang/ClassNotFoundException'{0x000000008903f0b0}: com/sun/swing/internal/plaf/metal/resources/spi/metalProvider> (0x000000008903f0b0) 
thrown [s\open\src\hotspot\share\classfile\systemDictionary.cpp, line 256]
Event: 0.281 Thread 0x0000028643ddde70 Exception <a 'java/lang/ClassNotFoundException'{0x0000000089042f08}: com/sun/swing/internal/plaf/basic/resources/spi/basicProvider> (0x0000000089042f08) 
thrown [s\open\src\hotspot\share\classfile\systemDictionary.cpp, line 256]
Event: 0.294 Thread 0x0000028664ba74f0 Exception <a 'java/lang/NoSuchMethodError'{0x000000008907c268}: 'void java.lang.invoke.DirectMethodHandle$Holder.invokeVirtual(java.lang.Object, java.lang.Object)'> (0x000000008907c268) 
thrown [s\open\src\hotspot\share\interpreter\linkResolver.cpp, line 759]
Event: 0.305 Thread 0x0000028643ddde70 Exception <a 'java/lang/NoSuchMethodError'{0x0000000088f0f730}: 'void java.lang.invoke.DirectMethodHandle$Holder.invokeStaticInit(java.lang.Object)'> (0x0000000088f0f730) 
thrown [s\open\src\hotspot\share\interpreter\linkResolver.cpp, line 759]
Event: 0.386 Thread 0x0000028665799330 Exception <a 'java/lang/NoSuchMethodError'{0x0000000088efcfd8}: 'java.lang.Object java.lang.invoke.DirectMethodHandle$Holder.invokeStaticInit(java.lang.Object, int, int, int, int)'> (0x0000000088efcfd8) 
thrown [s\open\src\hotspot\share\interpreter\linkResolver.cpp, line 759]
Event: 0.468 Thread 0x0000028665799330 Exception <a 'java/lang/NoSuchMethodError'{0x0000000088c3a0b0}: 'java.lang.Object java.lang.invoke.DirectMethodHandle$Holder.invokeStaticInit(java.lang.Object, java.lang.Object, int, int, int, int)'> (0x0000000088c3a0b0) 
thrown [s\open\src\hotspot\share\interpreter\linkResolver.cpp, line 759]
Event: 36.004 Thread 0x0000028665799330 Implicit null exception at 0x000002865499f603 to 0x000002865499f674
Event: 14048.599 Thread 0x00000286657717a0 Implicit null exception at 0x0000028654a58ac0 to 0x0000028654a58cb8
Event: 14048.615 Thread 0x00000286657717a0 Implicit null exception at 0x0000028654abb0a4 to 0x0000028654abcbbc

VM Operations (20 events):
Event: 37823.061 Executing VM operation: G1CollectForAllocation
Event: 37823.061 Executing VM operation: G1CollectForAllocation done
Event: 37823.062 Executing VM operation: G1CollectForAllocation
Event: 37823.064 Executing VM operation: G1CollectForAllocation done
Event: 37936.094 Executing VM operation: G1CollectForAllocation
Event: 37936.094 Executing VM operation: G1CollectForAllocation done
Event: 38125.448 Executing VM operation: G1CollectForAllocation
Event: 38125.448 Executing VM operation: G1CollectForAllocation done
Event: 38225.882 Executing VM operation: G1CollectForAllocation
Event: 38225.882 Executing VM operation: G1CollectForAllocation done
Event: 38362.767 Executing VM operation: G1CollectForAllocation
Event: 38362.768 Executing VM operation: G1CollectForAllocation done
Event: 38483.864 Executing VM operation: G1CollectForAllocation
Event: 38483.865 Executing VM operation: G1CollectForAllocation done
Event: 38485.866 Executing VM operation: Cleanup
Event: 38485.866 Executing VM operation: Cleanup done
Event: 38639.638 Executing VM operation: G1CollectForAllocation
Event: 38639.639 Executing VM operation: G1CollectForAllocation done
Event: 38740.583 Executing VM operation: G1CollectForAllocation
Event: 38740.583 Executing VM operation: G1CollectForAllocation done

Events (20 events):
Event: 26575.518 loading class javax/swing/KeyboardManager
Event: 26575.519 loading class javax/swing/KeyboardManager done
Event: 26575.519 loading class javax/swing/Popup$HeavyWeightWindow
Event: 26575.520 loading class sun/awt/ModalExclude
Event: 26575.520 loading class sun/awt/ModalExclude done
Event: 26575.520 loading class javax/swing/JWindow
Event: 26575.521 loading class javax/swing/JWindow done
Event: 26575.521 loading class javax/swing/Popup$HeavyWeightWindow done
Event: 38906.365 loading class java/awt/KeyboardFocusManager$2
Event: 38906.366 loading class java/awt/KeyboardFocusManager$2 done
Event: 38906.367 loading class sun/awt/SunToolkit$1
Event: 38906.368 loading class sun/awt/SunToolkit$1 done
Event: 38906.372 Thread 0x000002866579afa0 Thread added: 0x000002866579afa0
Event: 38906.372 Thread 0x000002866579afa0 Thread exited: 0x000002866579afa0
Event: 38906.372 Thread 0x000002866579d620 Thread added: 0x000002866579d620
Event: 38906.372 Thread 0x000002866579a130 Thread added: 0x000002866579a130
Event: 38906.373 Thread 0x000002866573ccf0 Thread exited: 0x000002866573ccf0
Event: 38906.374 loading class sun/font/SunFontManager$8$1
Event: 38906.376 loading class sun/font/SunFontManager$8$1 done
Event: 38906.387 Thread 0x000002866579d620 Thread exited: 0x000002866579d620


Dynamic libraries:
0x00007ff61dff0000 - 0x00007ff61e000000 	C:\Program Files\Java\jdk-17.0.4.1\bin\javaw.exe
0x00007ffd17d50000 - 0x00007ffd17f48000 	C:\WINDOWS\SYSTEM32\ntdll.dll
0x00007ffd17b20000 - 0x00007ffd17bdf000 	C:\WINDOWS\System32\KERNEL32.DLL
0x00007ffd15690000 - 0x00007ffd15962000 	C:\WINDOWS\System32\KERNELBASE.dll
0x00007ffd15480000 - 0x00007ffd15580000 	C:\WINDOWS\System32\ucrtbase.dll
0x00007ffd11ba0000 - 0x00007ffd11bba000 	C:\Program Files\Java\jdk-17.0.4.1\bin\VCRUNTIME140.dll
0x00007ffcfb010000 - 0x00007ffcfb028000 	C:\Program Files\Java\jdk-17.0.4.1\bin\jli.dll
0x00007ffd176d0000 - 0x00007ffd1777e000 	C:\WINDOWS\System32\ADVAPI32.dll
0x00007ffd16bd0000 - 0x00007ffd16c6e000 	C:\WINDOWS\System32\msvcrt.dll
0x00007ffd15f40000 - 0x00007ffd15fdc000 	C:\WINDOWS\System32\sechost.dll
0x00007ffd17be0000 - 0x00007ffd17d04000 	C:\WINDOWS\System32\RPCRT4.dll
0x00007ffd16930000 - 0x00007ffd16ad1000 	C:\WINDOWS\System32\USER32.dll
0x00007ffd02010000 - 0x00007ffd022aa000 	C:\WINDOWS\WinSxS\amd64_microsoft.windows.common-controls_6595b64144ccf1df_6.0.19041.1110_none_60b5254171f9507e\COMCTL32.dll
0x00007ffd15450000 - 0x00007ffd15472000 	C:\WINDOWS\System32\win32u.dll
0x00007ffd16870000 - 0x00007ffd1689b000 	C:\WINDOWS\System32\GDI32.dll
0x00007ffd15580000 - 0x00007ffd1568f000 	C:\WINDOWS\System32\gdi32full.dll
0x00007ffd15970000 - 0x00007ffd15a0d000 	C:\WINDOWS\System32\msvcp_win.dll
0x00007ffd0da30000 - 0x00007ffd0da3a000 	C:\WINDOWS\SYSTEM32\VERSION.dll
0x00007ffd17780000 - 0x00007ffd177b0000 	C:\WINDOWS\System32\IMM32.DLL
0x00007ffd0f1d0000 - 0x00007ffd0f1dc000 	C:\Program Files\Java\jdk-17.0.4.1\bin\vcruntime140_1.dll
0x00007ffce6420000 - 0x00007ffce64ad000 	C:\Program Files\Java\jdk-17.0.4.1\bin\msvcp140.dll
0x00007ffca5d80000 - 0x00007ffca6942000 	C:\Program Files\Java\jdk-17.0.4.1\bin\server\jvm.dll
0x00007ffd177b0000 - 0x00007ffd177b8000 	C:\WINDOWS\System32\PSAPI.DLL
0x00007ffd084b0000 - 0x00007ffd084d7000 	C:\WINDOWS\SYSTEM32\WINMM.dll
0x00007ffd12900000 - 0x00007ffd12909000 	C:\WINDOWS\SYSTEM32\WSOCK32.dll
0x00007ffd16ae0000 - 0x00007ffd16b4b000 	C:\WINDOWS\System32\WS2_32.dll
0x00007ffd13c60000 - 0x00007ffd13c72000 	C:\WINDOWS\SYSTEM32\kernel.appcore.dll
0x00007ffd0ee10000 - 0x00007ffd0ee1a000 	C:\Program Files\Java\jdk-17.0.4.1\bin\jimage.dll
0x00007ffd131d0000 - 0x00007ffd133b4000 	C:\WINDOWS\SYSTEM32\DBGHELP.DLL
0x00007ffcfa700000 - 0x00007ffcfa735000 	C:\WINDOWS\SYSTEM32\dbgcore.DLL
0x00007ffd15a10000 - 0x00007ffd15a92000 	C:\WINDOWS\System32\bcryptPrimitives.dll
0x00007ffcf8b60000 - 0x00007ffcf8b85000 	C:\Program Files\Java\jdk-17.0.4.1\bin\java.dll
0x00007ffcd9d30000 - 0x00007ffcd9e06000 	C:\Program Files\Java\jdk-17.0.4.1\bin\jsvml.dll
0x00007ffd15fe0000 - 0x00007ffd16725000 	C:\WINDOWS\System32\SHELL32.dll
0x00007ffd133c0000 - 0x00007ffd13b52000 	C:\WINDOWS\SYSTEM32\windows.storage.dll
0x00007ffd16c70000 - 0x00007ffd16fc5000 	C:\WINDOWS\System32\combase.dll
0x00007ffd14eb0000 - 0x00007ffd14ee0000 	C:\WINDOWS\SYSTEM32\Wldp.dll
0x00007ffd17620000 - 0x00007ffd176cd000 	C:\WINDOWS\System32\SHCORE.dll
0x00007ffd15da0000 - 0x00007ffd15df5000 	C:\WINDOWS\System32\shlwapi.dll
0x00007ffd15390000 - 0x00007ffd153af000 	C:\WINDOWS\SYSTEM32\profapi.dll
0x00007ffcfad20000 - 0x00007ffcfad39000 	C:\Program Files\Java\jdk-17.0.4.1\bin\net.dll
0x00007ffd0fc10000 - 0x00007ffd0fd1a000 	C:\WINDOWS\SYSTEM32\WINHTTP.dll
0x00007ffd14bc0000 - 0x00007ffd14c2a000 	C:\WINDOWS\system32\mswsock.dll
0x00007ffcefa20000 - 0x00007ffcefa36000 	C:\Program Files\Java\jdk-17.0.4.1\bin\nio.dll
0x00007ffcde310000 - 0x00007ffcde328000 	C:\Program Files\Java\jdk-17.0.4.1\bin\zip.dll
0x00007ffcd9ba0000 - 0x00007ffcd9d2f000 	C:\Program Files\Java\jdk-17.0.4.1\bin\awt.dll
0x00007ffd167a0000 - 0x00007ffd1686d000 	C:\WINDOWS\System32\OLEAUT32.dll
0x00007ffd12780000 - 0x00007ffd12810000 	C:\WINDOWS\SYSTEM32\apphelp.dll
0x00007ffd12a40000 - 0x00007ffd12ade000 	C:\WINDOWS\system32\uxtheme.dll
0x00007ffd17080000 - 0x00007ffd17194000 	C:\WINDOWS\System32\MSCTF.dll
0x00007ffd17820000 - 0x00007ffd1794a000 	C:\WINDOWS\System32\ole32.dll
0x00007ffd12c40000 - 0x00007ffd12c6f000 	C:\WINDOWS\system32\DWMAPI.DLL
0x00007ffcdca30000 - 0x00007ffcdcb55000 	C:\WINDOWS\system32\opengl32.dll
0x00007ffcec5c0000 - 0x00007ffcec5ec000 	C:\WINDOWS\SYSTEM32\GLU32.dll
0x00007ffd15040000 - 0x00007ffd15052000 	C:\WINDOWS\SYSTEM32\msasn1.dll
0x00007ffd0c440000 - 0x00007ffd0c471000 	C:\WINDOWS\SYSTEM32\cryptnet.dll
0x00007ffd15bd0000 - 0x00007ffd15d26000 	C:\WINDOWS\System32\CRYPT32.dll
0x00007ffd0c090000 - 0x00007ffd0c1d8000 	C:\WINDOWS\SYSTEM32\drvstore.dll
0x00007ffd15200000 - 0x00007ffd1522c000 	C:\WINDOWS\SYSTEM32\devobj.dll
0x00007ffd15b50000 - 0x00007ffd15b9e000 	C:\WINDOWS\System32\cfgmgr32.dll
0x00007ffd14dc0000 - 0x00007ffd14dcc000 	C:\WINDOWS\SYSTEM32\cryptbase.dll
0x00007ffd15d30000 - 0x00007ffd15d99000 	C:\WINDOWS\System32\WINTRUST.DLL
0x00007ffd17b00000 - 0x00007ffd17b1d000 	C:\WINDOWS\System32\imagehlp.dll
0x00007ffd14da0000 - 0x00007ffd14db8000 	C:\WINDOWS\SYSTEM32\CRYPTSP.dll
0x00007ffd14480000 - 0x00007ffd144b4000 	C:\WINDOWS\system32\rsaenh.dll
0x00007ffd15ba0000 - 0x00007ffd15bc7000 	C:\WINDOWS\System32\bcrypt.dll
0x00007ffc73320000 - 0x00007ffc735f1000 	C:\WINDOWS\system32\nvspcap64.dll
0x00007ffd145a0000 - 0x00007ffd145d3000 	C:\WINDOWS\SYSTEM32\ntmarta.dll
0x00007ffd13c80000 - 0x00007ffd13ca3000 	C:\WINDOWS\SYSTEM32\gpapi.dll
0x00007ffd0b440000 - 0x00007ffd0b47b000 	C:\WINDOWS\SYSTEM32\dxcore.dll
0x00007ffcdc9a0000 - 0x00007ffcdca29000 	C:\Program Files\Java\jdk-17.0.4.1\bin\freetype.dll
0x00007ffcd91c0000 - 0x00007ffcd9268000 	C:\Program Files\Java\jdk-17.0.4.1\bin\fontmanager.dll
0x00007ffcf7210000 - 0x00007ffcf7309000 	C:\WINDOWS\SYSTEM32\textinputframework.dll
0x00007ffd12030000 - 0x00007ffd1238e000 	C:\WINDOWS\System32\CoreUIComponents.dll
0x00007ffd12390000 - 0x00007ffd12482000 	C:\WINDOWS\System32\CoreMessaging.dll
0x00007ffd10710000 - 0x00007ffd10864000 	C:\WINDOWS\SYSTEM32\wintypes.dll
0x00007ffd15310000 - 0x00007ffd1533e000 	C:\WINDOWS\SYSTEM32\USERENV.dll
0x00007ffd14880000 - 0x00007ffd148bb000 	C:\WINDOWS\SYSTEM32\IPHLPAPI.DLL
0x00007ffd16730000 - 0x00007ffd16738000 	C:\WINDOWS\System32\NSI.dll
0x00007ffd0da60000 - 0x00007ffd0da77000 	C:\WINDOWS\SYSTEM32\dhcpcsvc6.DLL
0x00007ffd0da40000 - 0x00007ffd0da5d000 	C:\WINDOWS\SYSTEM32\dhcpcsvc.DLL
0x00007ffd148d0000 - 0x00007ffd1499b000 	C:\WINDOWS\SYSTEM32\DNSAPI.dll
0x00007ffd0ca30000 - 0x00007ffd0cbfe000 	C:\WINDOWS\system32\d3d9.dll
0x00007ffd09b10000 - 0x00007ffd09c27000 	C:\WINDOWS\System32\DriverStore\FileRepository\nvlt.inf_amd64_7947c31fc944635c\nvldumdx.dll
0x00007ffc6f3d0000 - 0x00007ffc70bda000 	C:\WINDOWS\System32\DriverStore\FileRepository\nvlt.inf_amd64_7947c31fc944635c\nvd3dumx.dll

dbghelp: loaded successfully - version: 4.0.5 - missing functions: none
symbol engine: initialized successfully - sym options: 0x614 - pdb path: .;C:\Program Files\Java\jdk-17.0.4.1\bin;C:\WINDOWS\SYSTEM32;C:\WINDOWS\WinSxS\amd64_microsoft.windows.common-controls_6595b64144ccf1df_6.0.19041.1110_none_60b5254171f9507e;C:\Program Files\Java\jdk-17.0.4.1\bin\server;C:\WINDOWS\System32\DriverStore\FileRepository\nvlt.inf_amd64_7947c31fc944635c

VM Arguments:
jvm_args: -Dfile.encoding=Cp1252 -XX:+ShowCodeDetailsInExceptionMessages 
java_command: PongAI
java_class_path (initial): C:\Users\yesun\eclipse-workspace\PongAI;C:\Users\yesun\processing-4.2-windows-x64\processing-4.2\core\library\core.jar
Launcher Type: SUN_STANDARD

[Global flags]
     intx CICompilerCount                          = 4                                         {product} {ergonomic}
     uint ConcGCThreads                            = 2                                         {product} {ergonomic}
     uint G1ConcRefinementThreads                  = 8                                         {product} {ergonomic}
   size_t G1HeapRegionSize                         = 1048576                                   {product} {ergonomic}
    uintx GCDrainStackTargetSize                   = 64                                        {product} {ergonomic}
   size_t InitialHeapSize                          = 134217728                                 {product} {ergonomic}
   size_t MarkStackSize                            = 4194304                                   {product} {ergonomic}
   size_t MaxHeapSize                              = 2124414976                                {product} {ergonomic}
   size_t MaxNewSize                               = 1274019840                                {product} {ergonomic}
   size_t MinHeapDeltaBytes                        = 1048576                                   {product} {ergonomic}
   size_t MinHeapSize                              = 8388608                                   {product} {ergonomic}
    uintx NonNMethodCodeHeapSize                   = 5839372                                {pd product} {ergonomic}
    uintx NonProfiledCodeHeapSize                  = 122909434                              {pd product} {ergonomic}
    uintx ProfiledCodeHeapSize                     = 122909434                              {pd product} {ergonomic}
    uintx ReservedCodeCacheSize                    = 251658240                              {pd product} {ergonomic}
     bool SegmentedCodeCache                       = true                                      {product} {ergonomic}
     bool ShowCodeDetailsInExceptionMessages       = true                                   {manageable} {command line}
   size_t SoftMaxHeapSize                          = 2124414976                             {manageable} {ergonomic}
     bool UseCompressedClassPointers               = true                           {product lp64_product} {ergonomic}
     bool UseCompressedOops                        = true                           {product lp64_product} {ergonomic}
     bool UseG1GC                                  = true                                      {product} {ergonomic}
     bool UseLargePagesIndividualAllocation        = false                                  {pd product} {ergonomic}

Logging:
Log output configuration:
 #0: stdout all=warning uptime,level,tags
 #1: stderr all=off uptime,level,tags

Environment Variables:
PATH=C:/Users/yesun/.p2/pool/plugins/org.eclipse.justj.openjdk.hotspot.jre.full.win32.x86_64_16.0.2.v20210721-1149/jre/bin/server;C:/Users/yesun/.p2/pool/plugins/org.eclipse.justj.openjdk.hotspot.jre.full.win32.x86_64_16.0.2.v20210721-1149/jre/bin;C:\Program Files (x86)\VMware\VMware Workstation\bin\;C:\Program Files\Common Files\Oracle\Java\javapath;C:\Program Files\Eclipse Adoptium\jdk-17.0.3.7-hotspot\bin;C:\Program Files (x86)\Common Files\Oracle\Java\javapath;C:\Windows\system32;C:\Windows;C:\Windows\System32\Wbem;C:\Windows\System32\WindowsPowerShell\v1.0\;C:\Windows\System32\OpenSSH\;C:\Program Files (x86)\NVIDIA Corporation\PhysX\Common;C:\Program Files\NVIDIA Corporation\NVIDIA NvDLISR;C:\WINDOWS\system32;C:\WINDOWS;C:\WINDOWS\System32\Wbem;C:\WINDOWS\System32\WindowsPowerShell\v1.0\;C:\WINDOWS\System32\OpenSSH\;C:\Program Files\Calibre2\;C:\Program Files\Git\cmd;C:\Program Files\dotnet\;C:\SFML\include;C:\SFML\lib;C:\Program Files\MATLAB\R2022b\bin;C:\Users\yesun\anaconda3;C:\Users\yesun\anaconda3\Library\mingw-w64\bin;C:\Users\yesun\anaconda3\Library\usr\bin;C:\Users\yesun\anaconda3\Library\bin;C:\Users\yesun\anaconda3\Scripts;C:\Users\yesun\AppData\Local\Programs\Python\Python311\Scripts\;C:\Users\yesun\AppData\Local\Programs\Python\Python311\;C:\Users\yesun\AppData\Local\Microsoft\WindowsApps;C:\Users\yesun\Downloads\youtube-dl;C:\Users\yesun\AppData\Local\Programs\Microsoft VS Code\bin;C:\MinGW\bin;C:\Users\yesun\.dotnet\tools;C:\WINDOWS\System32;
USERNAME=yesun
OS=Windows_NT
PROCESSOR_IDENTIFIER=Intel64 Family 6 Model 165 Stepping 2, GenuineIntel



---------------  S Y S T E M  ---------------

OS:
 Windows 10 , 64 bit Build 19041 (10.0.19041.2546)
OS uptime: 6 days 4:49 hours
Hyper-V role detected

CPU: total 8 (initial active 8) (4 cores per cpu, 2 threads per core) family 6 model 165 stepping 2 microcode 0xec, cx8, cmov, fxsr, ht, mmx, 3dnowpref, sse, sse2, sse3, ssse3, sse4.1, sse4.2, popcnt, lzcnt, tsc, tscinvbit, avx, avx2, aes, erms, clmul, bmi1, bmi2, adx, fma, vzeroupper, clflush, clflushopt, hv

Memory: 4k page, system-wide physical 8099M (1279M free)
TotalPageFile size 29367M (AvailPageFile size 10672M)
current process WorkingSet (physical memory assigned to process): 106M, peak: 191M
current process commit charge ("private bytes"): 293M, peak: 313M

vm_info: Java HotSpot(TM) 64-Bit Server VM (17.0.4.1+1-LTS-2) for windows-amd64 JRE (17.0.4.1+1-LTS-2), built on Aug 16 2022 18:32:06 by "mach5one" with MS VC++ 16.8 / 16.9 (VS2019)

END.
